
地址为 http://10.0.6.103:9191

地址为 http://10.0.6.103:9191

地址为 http://10.0.6.103:9191

地址为 http://10.0.6.103:9191
Updating '.':
At revision 7146.
Updating '.':
A    app2\config\ups.env.js
U    usert02\package.json
A    usert02\config\ups.env.js
U    b04_app\package.json
A    b04_app\config\ups.env.js
U    b04_app\package-lock.json
U    app2\package.json
U    app2\config\index.js
U    app2\package-lock.json
U    usert02\config\index.js
U    usert02\package-lock.json
U    b04_app\config\index.js
Updated to revision 7192.
开始初始化----- undefined\a01_wap

地址为 http://10.0.6.103:9191
开始初始化----- G:\aoneQt\a01_pc
初始化完成----- G:\aoneQt\a01_pc
开始初始化----- G:\aoneQt\a01_wap
初始化完成----- G:\aoneQt\a01_wap
开始初始化----- G:\aoneQt\a11_wap
初始化完成----- G:\aoneQt\a11_wap
开始初始化----- G:\aoneQt\a13_wap
初始化完成----- G:\aoneQt\a13_wap
开始初始化----- G:\aoneQt\a21_wap
初始化完成----- G:\aoneQt\a21_wap
开始初始化----- G:\aoneQt\b04_wap
初始化完成----- G:\aoneQt\b04_wap
开始初始化----- G:\aoneQt\b12_wap
初始化完成----- G:\aoneQt\b12_wap
开始初始化----- G:\aoneQt\b37_wap
初始化完成----- G:\aoneQt\b37_wap
开始初始化----- G:\aoneQt\b62_wap
初始化完成----- G:\aoneQt\b62_wap
开始初始化----- G:\aoneQt\b72_wap
初始化完成----- G:\aoneQt\b72_wap
开始初始化----- G:\aoneQt\b72_wap
初始化完成----- G:\aoneQt\b72_wap
开始初始化----- G:\aoneQt\b78_wap
初始化完成----- G:\aoneQt\b78_wap
开始初始化----- G:\aoneQt\b80_wap
初始化完成----- G:\aoneQt\b80_wap
开始初始化----- G:\aoneQt\t01_wap
初始化完成----- G:\aoneQt\t01_wap
开始初始化----- G:\aoneQt\t01_wap
初始化完成----- G:\aoneQt\t01_wap
开始初始化----- G:\aoneQt\waptemp
初始化完成----- G:\aoneQt\waptemp
开始初始化----- G:\aoneQt\wapy01
初始化完成----- G:\aoneQt\wapy01
开始初始化----- G:\aoneQt\waph001
初始化完成----- G:\aoneQt\waph001
开始初始化----- G:\aoneQt\k01_wap
初始化完成----- G:\aoneQt\k01_wap
开始初始化----- G:\aoneQt\b79_wap
初始化完成----- G:\aoneQt\b79_wap
开始初始化----- G:\aoneQt\b77_wap
初始化完成----- G:\aoneQt\b77_wap
开始初始化----- G:\aoneQt\b67_wap
初始化完成----- G:\aoneQt\b67_wap
开始初始化----- G:\aoneQt\b17_wap
初始化完成----- G:\aoneQt\b17_wap
开始初始化----- G:\aoneQt\b07_wap
初始化完成----- G:\aoneQt\b07_wap
开始初始化----- G:\aoneQt\a22_wap
初始化完成----- G:\aoneQt\a22_wap
开始初始化----- G:\aoneQt\a15_wap
初始化完成----- G:\aoneQt\a15_wap
开始初始化----- G:\aoneQt\a12_wap
初始化完成----- G:\aoneQt\a12_wap
开始初始化----- G:\aoneQt\a02_wap
初始化完成----- G:\aoneQt\a02_wap
Updating '.':
D    b58_wap
G    a21_wap\package-lock.json
G    a22_wap\package-lock.json
G    t01_wap\package-lock.json
G    a12_wap\package-lock.json
G    a02_wap\package-lock.json
G    a13_wap\package-lock.json
Updated to revision 7194.
开始初始化----- G:\aoneQt\a13_wap
初始化完成----- G:\aoneQt\a13_wap
开始初始化----- G:\aoneQt\a12_wap
初始化完成----- G:\aoneQt\a12_wap
开始初始化----- G:\aoneQt\a02_pc
初始化完成----- G:\aoneQt\a02_pc
开始初始化----- G:\aoneQt\a22_wap
初始化完成----- G:\aoneQt\a22_wap
开始初始化----- G:\aoneQt\t01_pc
初始化完成----- G:\aoneQt\t01_pc
开始初始化----- G:\aoneQt\a21_wap
初始化完成----- G:\aoneQt\a21_wap
Updating '.':
D    nodes
D    vue-cli4
Updated to revision 7196.
Updating '.':
At revision 7196.
开始初始化----- G:\aoneQt\usert02
初始化完成----- G:\aoneQt\usert02
开始初始化----- G:\aoneQt\usery01
初始化完成----- G:\aoneQt\usery01

地址为 http://10.0.6.103:9191
Updating '.':
At revision 7196.
Updating '.':
At revision 7196.

地址为 http://10.0.6.103:9191

地址为 http://10.0.6.103:9191
